C51 COMPILER V9.60.0.0   IC74HC595                                                         01/17/2024 11:02:53 PAGE 1   


C51 COMPILER V9.60.0.0, COMPILATION OF MODULE IC74HC595
OBJECT MODULE PLACED IN .\Output\ic74hc595.obj
COMPILER INVOKED BY: C:\Keil_v5\C51\BIN\C51.EXE Code\ic74hc595.c OPTIMIZE(8,SPEED) BROWSE INCDIR(..\..\Include;..\..\LIB
                    -) DEFINE(FOSC_160000) DEBUG OBJECTEXTEND PRINT(.\LST\ic74hc595.lst) OBJECT(.\Output\ic74hc595.obj)

line level    source

   1          /*--------------------------------------------------------------------------------------------------------
             --*/
   2          /*                                                                                                        
             - */
   3          /* Copyright(c) 2017 Nuvoton Technology Corp. All rights reserved.                                        
             - */
   4          /*                                                                                                        
             - */
   5          /*--------------------------------------------------------------------------------------------------------
             --*/
   6          
   7          //********************************************************************************************************
             -***
   8          //  Website: http://www.nuvoton.com
   9          //  E-Mail : MicroC-8bit@nuvoton.com
  10          //  Date   : Jan/21/2017
  11          //********************************************************************************************************
             -***
  12          
  13          //********************************************************************************************************
             -***
  14          //  File Function: N76E003 GPIO demo code
  15          //********************************************************************************************************
             -***
  16          #include "N76E003.h"
  17          #include "SFR_Macro.h"
  18          #include "Function_define.h"
  19          #include "Common.h"
  20          #include "Delay.h"
  21          
  22          #include "GPIO.h"
  23          
  24          // --------------------- Example IC 74HC595 - 8 LED - USE LIB  -------------------------------------------
             ----------------
  25          
  26          #define LAT595  0
  27          #define QH595   5
  28          #define CLK595  10
  29          
  30          void out1byte(uint8_t byteout){
  31   1              uint8_t i;
  32   1              for (i = 0; i < 8; i++){
  33   2                      digitalWrite(QH595, (byteout >> 7) & 0x1);
  34   2                      digitalWrite(CLK595, LOW);
  35   2                      digitalWrite(CLK595, HIGH);
  36   2                      byteout = byteout << 1;
  37   2              }
  38   1              digitalWrite(LAT595, LOW);
  39   1              digitalWrite(LAT595, HIGH);
  40   1      }
  41          
  42          
  43          void ON_LED(uint8_t * STT, uint8_t n){
  44   1              if (n < 1 || n > 8) return ;
C51 COMPILER V9.60.0.0   IC74HC595                                                         01/17/2024 11:02:53 PAGE 2   

  45   1              *STT |= (1 << (n - 1));
  46   1              out1byte(*STT);
  47   1      }
  48          
  49          void OFF_LED(uint8_t * STT, uint8_t n){
  50   1              if (n < 1 || n > 8) return ;
  51   1              *STT &= ~(1 << (n - 1));
  52   1              out1byte(*STT);
  53   1      }
  54          
  55          void main (void) 
  56          {
  57   1              uint8_t led_STT = 0, i = 0;
  58   1              
  59   1              pinMode(LAT595, OUTPUT);
  60   1              pinMode(QH595, OUTPUT);
  61   1              pinMode(CLK595, OUTPUT);
  62   1              
  63   1              
  64   1      
  65   1              while(1)
  66   1              {
  67   2                      for (i = 1; i <= 8; i++) {
  68   3                              ON_LED(&led_STT, i);
  69   3                              Timer0_Delay1ms(500);
  70   3                      }
  71   2                      Timer0_Delay1ms(500);
  72   2                      for (i = 1; i <= 8; i++) {
  73   3                              OFF_LED(&led_STT, i);
  74   3                              Timer0_Delay1ms(500);
  75   3                      }
  76   2                      Timer0_Delay1ms(500);
  77   2              }
  78   1      
  79   1      }
  80          
  81          
  82          


MODULE INFORMATION:   STATIC OVERLAYABLE
   CODE SIZE        =    324    ----
   CONSTANT SIZE    =   ----    ----
   XDATA SIZE       =   ----    ----
   PDATA SIZE       =   ----    ----
   DATA SIZE        =   ----      10
   IDATA SIZE       =   ----    ----
   BIT SIZE         =   ----    ----
END OF MODULE INFORMATION.


C51 COMPILATION COMPLETE.  0 WARNING(S),  0 ERROR(S)
