C51 COMPILER V9.60.0.0   I2CEEPROM                                                         01/12/2024 10:26:19 PAGE 1   


C51 COMPILER V9.60.0.0, COMPILATION OF MODULE I2CEEPROM
OBJECT MODULE PLACED IN .\Output\I2Ceeprom.obj
COMPILER INVOKED BY: C:\Keil_v5\C51\BIN\C51.EXE ..\..\LIB\I2Ceeprom.c OPTIMIZE(8,SPEED) BROWSE INCDIR(..\..\Include;..\.
                    -.\LIB) DEFINE(FOSC_160000) DEBUG OBJECTEXTEND PRINT(.\LST\I2Ceeprom.lst) OBJECT(.\Output\I2Ceeprom.obj)

line level    source

   1          #include "N76E003.h"
   2          #include "SFR_Macro.h"
   3          #include "Function_define.h"
   4          #include "Common.h"
   5          #include "Delay.h"
   6          
   7          #include "I2Ceeprom.h"
   8          
   9          
  10          void I2C_Init(void)
  11          {
  12   1              I2CLK = I2C_CLOCK;
  13   1              /* P1.3 */
  14   1              /* Quasi */
  15   1              P1M1 &= ~(1 << 3);
  16   1              P1M2 &= ~(1 << 3);
  17   1              /* P1.4 */
  18   1              /* Quasi */
  19   1              P1M1 &= ~(1 << 4);
  20   1              P1M2 &= ~(1 << 4);
  21   1              
  22   1              P13=1;
  23   1              P14=1;
  24   1              
  25   1              I2CEN=1;
  26   1      }
  27          
  28          bit I2C_Write_Address(uint8_t addWrite)
  29          {
  30   1              uint16_t xdata t;
  31   1              uint8_t xdata u8TimeOut;
  32   1              
  33   1              if (I2STAT != 0xF8) {
  34   2                      return 0;
  35   2              }
  36   1              
  37   1              /* start */
  38   1              STO = 0;
  39   1              STA = 1;
  40   1              SI = 0;
  41   1              t = 1;
  42   1              u8TimeOut = 0;
  43   1              
  44   1              while (1) {
  45   2                      if (SI) {
  46   3                              break;
  47   3                      }
  48   2                      if (!t) {
  49   3                              u8TimeOut = 1;
  50   3                              break;
  51   3                      }
  52   2                      ++t;
  53   2              }
  54   1              
C51 COMPILER V9.60.0.0   I2CEEPROM                                                         01/12/2024 10:26:19 PAGE 2   

  55   1              if (u8TimeOut) {
  56   2                      /* start error */
  57   2                      send_stop();
  58   2                      return 0;
  59   2              }
  60   1              
  61   1              if (I2STAT != 0x08) {
  62   2                      /* start error */
  63   2                      send_stop();
  64   2                      return 0;
  65   2              }
  66   1              
  67   1              /* send address */
  68   1              STA = 0;
  69   1              STO = 0;
  70   1              I2DAT = EEPROM_SLA;
  71   1              SI = 0;
  72   1              t = 1;
  73   1              u8TimeOut = 0;
  74   1              while (1) {
  75   2                      if (SI) {
  76   3                              break;
  77   3                      }
  78   2                      if (!t) {
  79   3                              u8TimeOut = 1;
  80   3                              break;
  81   3                      }
  82   2                      ++t;
  83   2              }
  84   1              
  85   1              if (u8TimeOut) {
  86   2                      /* send address error */
  87   2                      send_stop();
  88   2                      return 0;
  89   2              }
  90   1              
  91   1              if (I2STAT != 0x18) {
  92   2                      /* send address error */
  93   2                      send_stop();
  94   2                      return 0;
  95   2              }
  96   1              
  97   1              /* send data */
  98   1              // for (i = 0; i < length; ++i) {
  99   1                      I2DAT = addWrite;
 100   1                      SI = 0;
 101   1                      t = 1;
 102   1                      u8TimeOut = 0;
 103   1                      while (1) {
 104   2                              if (SI) {
 105   3                                      break;
 106   3                              }
 107   2                              if (!t) {
 108   3                                      u8TimeOut = 1;
 109   3                                      break;
 110   3                              }
 111   2                              ++t;
 112   2                      }
 113   1                      if (u8TimeOut) {
 114   2                              /* send data error */
 115   2                              send_stop();
 116   2                              return 0;
C51 COMPILER V9.60.0.0   I2CEEPROM                                                         01/12/2024 10:26:19 PAGE 3   

 117   2                      }
 118   1                      if (I2STAT != 0x28) {
 119   2                              /* send data error */
 120   2                              send_stop();
 121   2                              return 0;
 122   2                      }
 123   1              // }
 124   1              
 125   1              /* stop */
 126   1              return send_stop();
 127   1      }
 128          
 129          bit I2C_Write(uint8_t addWrite, uint8_t pData)
 130          {
 131   1              // uint8_t i;
 132   1              uint16_t xdata t;
 133   1              uint8_t xdata u8TimeOut;
 134   1              
 135   1              if (I2STAT != 0xF8) {
 136   2                      return 0;
 137   2              }
 138   1              
 139   1              /* start */
 140   1              STO = 0;
 141   1              STA = 1;
 142   1              SI = 0;
 143   1              t = 1;
 144   1              u8TimeOut = 0;
 145   1              
 146   1              while (1) {
 147   2                      if (SI) {
 148   3                              break;
 149   3                      }
 150   2                      if (!t) {
 151   3                              u8TimeOut = 1;
 152   3                              break;
 153   3                      }
 154   2                      ++t;
 155   2              }
 156   1              
 157   1              if (u8TimeOut) {
 158   2                      /* start error */
 159   2                      send_stop();
 160   2                      return 0;
 161   2              }
 162   1              
 163   1              if (I2STAT != 0x08) {
 164   2                      /* start error */
 165   2                      send_stop();
 166   2                      return 0;
 167   2              }
 168   1              
 169   1              /* send address */
 170   1              STA = 0;
 171   1              STO = 0;
 172   1              I2DAT = EEPROM_SLA;
 173   1              SI = 0;
 174   1              t = 1;
 175   1              u8TimeOut = 0;
 176   1              while (1) {
 177   2                      if (SI) {
 178   3                              break;
C51 COMPILER V9.60.0.0   I2CEEPROM                                                         01/12/2024 10:26:19 PAGE 4   

 179   3                      }
 180   2                      if (!t) {
 181   3                              u8TimeOut = 1;
 182   3                              break;
 183   3                      }
 184   2                      ++t;
 185   2              }
 186   1              
 187   1              if (u8TimeOut) {
 188   2                      /* send address error */
 189   2                      send_stop();
 190   2                      return 0;
 191   2              }
 192   1              
 193   1              if (I2STAT != 0x18) {
 194   2                      /* send address error */
 195   2                      send_stop();
 196   2                      return 0;
 197   2              }
 198   1              
 199   1              /* send data */
 200   1              // for (i = 0; i < length; ++i) {
 201   1                      I2DAT = addWrite;
 202   1                      SI = 0;
 203   1                      t = 1;
 204   1                      u8TimeOut = 0;
 205   1                      while (1) {
 206   2                              if (SI) {
 207   3                                      break;
 208   3                              }
 209   2                              if (!t) {
 210   3                                      u8TimeOut = 1;
 211   3                                      break;
 212   3                              }
 213   2                              ++t;
 214   2                      }
 215   1                      if (u8TimeOut) {
 216   2                              /* send data error */
 217   2                              send_stop();
 218   2                              return 0;
 219   2                      }
 220   1                      if (I2STAT != 0x28) {
 221   2                              /* send data error */
 222   2                              send_stop();
 223   2                              return 0;
 224   2                      }
 225   1              // }
 226   1      
 227   1                      I2DAT = pData;
 228   1                      SI = 0;
 229   1                      t = 1;
 230   1                      u8TimeOut = 0;
 231   1                      while (1) {
 232   2                              if (SI) {
 233   3                                      break;
 234   3                              }
 235   2                              if (!t) {
 236   3                                      u8TimeOut = 1;
 237   3                                      break;
 238   3                              }
 239   2                              ++t;
 240   2                      }
C51 COMPILER V9.60.0.0   I2CEEPROM                                                         01/12/2024 10:26:19 PAGE 5   

 241   1                      if (u8TimeOut) {
 242   2                              /* send data error */
 243   2                              send_stop();
 244   2                              return 0;
 245   2                      }
 246   1                      if (I2STAT != 0x28) {
 247   2                              /* send data error */
 248   2                              send_stop();
 249   2                              return 0;
 250   2                      }
 251   1              
 252   1              /* stop */
 253   1              return send_stop();
 254   1      }
 255          
 256          bit I2C_WriteInt(uint8_t addWrite, uint16_t pData)
 257          {
 258   1              uint8_t xdata i;
 259   1              uint8_t xdata u8TimeOut;
 260   1              uint8_t xdata u8Data[2];
 261   1              uint16_t xdata t;
 262   1      
 263   1              u8Data[0] = HIBYTE(pData);
 264   1              u8Data[1] = LOBYTE(pData);
 265   1              
 266   1              if (I2STAT != 0xF8) {
 267   2                      return 0;
 268   2              }
 269   1              
 270   1              /* start */
 271   1              STO = 0;
 272   1              STA = 1;
 273   1              SI = 0;
 274   1              t = 1;
 275   1              u8TimeOut = 0;
 276   1              
 277   1              while (1) {
 278   2                      if (SI) {
 279   3                              break;
 280   3                      }
 281   2                      if (!t) {
 282   3                              u8TimeOut = 1;
 283   3                              break;
 284   3                      }
 285   2                      ++t;
 286   2              }
 287   1              
 288   1              if (u8TimeOut) {
 289   2                      /* start error */
 290   2                      send_stop();
 291   2                      return 0;
 292   2              }
 293   1              
 294   1              if (I2STAT != 0x08) {
 295   2                      /* start error */
 296   2                      send_stop();
 297   2                      return 0;
 298   2              }
 299   1              
 300   1              /* send address */
 301   1              STA = 0;
 302   1              STO = 0;
C51 COMPILER V9.60.0.0   I2CEEPROM                                                         01/12/2024 10:26:19 PAGE 6   

 303   1              I2DAT = EEPROM_SLA;
 304   1              SI = 0;
 305   1              t = 1;
 306   1              u8TimeOut = 0;
 307   1              while (1) {
 308   2                      if (SI) {
 309   3                              break;
 310   3                      }
 311   2                      if (!t) {
 312   3                              u8TimeOut = 1;
 313   3                              break;
 314   3                      }
 315   2                      ++t;
 316   2              }
 317   1              
 318   1              if (u8TimeOut) {
 319   2                      /* send address error */
 320   2                      send_stop();
 321   2                      return 0;
 322   2              }
 323   1              
 324   1              if (I2STAT != 0x18) {
 325   2                      /* send address error */
 326   2                      send_stop();
 327   2                      return 0;
 328   2              }
 329   1              
 330   1              /* send data */
 331   1              // for (i = 0; i < length; ++i) {
 332   1                      I2DAT = addWrite;
 333   1                      SI = 0;
 334   1                      t = 1;
 335   1                      u8TimeOut = 0;
 336   1                      while (1) {
 337   2                              if (SI) {
 338   3                                      break;
 339   3                              }
 340   2                              if (!t) {
 341   3                                      u8TimeOut = 1;
 342   3                                      break;
 343   3                              }
 344   2                              ++t;
 345   2                      }
 346   1                      if (u8TimeOut) {
 347   2                              /* send data error */
 348   2                              send_stop();
 349   2                              return 0;
 350   2                      }
 351   1                      if (I2STAT != 0x28) {
 352   2                              /* send data error */
 353   2                              send_stop();
 354   2                              return 0;
 355   2                      }
 356   1              // }
 357   1      
 358   1              for (i = 0; i < 2; ++i) {
 359   2                      I2DAT = u8Data[i];
 360   2                      SI = 0;
 361   2                      t = 1;
 362   2                      u8TimeOut = 0;
 363   2                      while (1) {
 364   3                              if (SI) {
C51 COMPILER V9.60.0.0   I2CEEPROM                                                         01/12/2024 10:26:19 PAGE 7   

 365   4                                      break;
 366   4                              }
 367   3                              if (!t) {
 368   4                                      u8TimeOut = 1;
 369   4                                      break;
 370   4                              }
 371   3                              ++t;
 372   3                      }
 373   2                      if (u8TimeOut) {
 374   3                              /* send data error */
 375   3                              send_stop();
 376   3                              return 0;
 377   3                      }
 378   2                      if (I2STAT != 0x28) {
 379   3                              /* send data error */
 380   3                              send_stop();
 381   3                              return 0;
 382   3                      }
 383   2              }
 384   1              
 385   1              /* stop */
 386   1              return send_stop();
 387   1      }
 388          
 389          bit I2C_Read(uint8_t addRead, uint8_t *pData)
 390          {
 391   1              // uint8_t i;
 392   1              uint8_t xdata u8TimeOut;
 393   1              uint16_t xdata t;
 394   1      
 395   1              if (!I2C_Write_Address(addRead)) {
 396   2                      return 0;
 397   2              }
 398   1      
 399   1              
 400   1              if (I2STAT != 0xF8) {
 401   2                      return 0;
 402   2              }
 403   1              
 404   1              /* start */
 405   1              STO = 0;
 406   1              STA = 1;
 407   1              SI = 0;
 408   1              t = 1;
 409   1              u8TimeOut = 0;
 410   1              
 411   1              while (1) {
 412   2                      if (SI) {
 413   3                              break;
 414   3                      }
 415   2                      if (!t) {
 416   3                              u8TimeOut = 1;
 417   3                              break;
 418   3                      }
 419   2                      ++t;
 420   2              }
 421   1              
 422   1              if (u8TimeOut) {
 423   2                      /* start error */
 424   2                      send_stop();
 425   2                      return 0;
 426   2              }
C51 COMPILER V9.60.0.0   I2CEEPROM                                                         01/12/2024 10:26:19 PAGE 8   

 427   1              
 428   1              if (I2STAT != 0x08) {
 429   2                      /* start error */
 430   2                      send_stop();
 431   2                      return 0;
 432   2              }
 433   1              
 434   1              /* send address */
 435   1              STA = 0;
 436   1              STO = 0;
 437   1              I2DAT = (EEPROM_SLA | EEPROM_RD);
 438   1              SI = 0;
 439   1              t = 1;
 440   1              u8TimeOut = 0;
 441   1              while (1) {
 442   2                      if (SI) {
 443   3                              break;
 444   3                      }
 445   2                      if (!t) {
 446   3                              u8TimeOut = 1;
 447   3                              break;
 448   3                      }
 449   2                      ++t;
 450   2              }
 451   1              
 452   1              if (u8TimeOut) {
 453   2                      /* send address error */
 454   2                      send_stop();
 455   2                      return 0;
 456   2              }
 457   1              
 458   1              if (I2STAT != 0x40) {
 459   2                      /* send address error */
 460   2                      send_stop();
 461   2                      return 0;
 462   2              }
 463   1              
 464   1              /* last byte */
 465   1              AA = 0;
 466   1              SI = 0;
 467   1              t = 1;
 468   1              u8TimeOut = 0;
 469   1              while (1) {
 470   2                      if (SI) {
 471   3                              break;
 472   3                      }
 473   2                      if (!t) {
 474   3                              u8TimeOut = 1;
 475   3                              break;
 476   3                      }
 477   2                      ++t;
 478   2              }
 479   1              if (u8TimeOut) {
 480   2                      /* send data error */
 481   2                      send_stop();
 482   2                      return 0;
 483   2              }
 484   1              if (I2STAT != 0x58) {
 485   2                      /* send data error */
 486   2                      send_stop();
 487   2                      return 0;
 488   2              }
C51 COMPILER V9.60.0.0   I2CEEPROM                                                         01/12/2024 10:26:19 PAGE 9   

 489   1              *pData = I2DAT;
 490   1              /* stop */
 491   1              return send_stop();
 492   1      }
 493          
 494          bit I2C_ReadInt(uint8_t addRead, uint16_t *pData)
 495          {
 496   1              // uint8_t i;
 497   1              uint8_t xdata u8TimeOut;
 498   1              uint16_t xdata t;
 499   1      
 500   1              if (!I2C_Write_Address(addRead)) {
 501   2                      printf("Read1 write address Error\n");
 502   2                      return 0;
 503   2              }
 504   1      
 505   1      
 506   1              if (I2STAT != 0xF8) {
 507   2                      return 0;
 508   2              }
 509   1              
 510   1              /* start */
 511   1              STO = 0;
 512   1              STA = 1;
 513   1              SI = 0;
 514   1              t = 1;
 515   1              u8TimeOut = 0;
 516   1              
 517   1              while (1) {
 518   2                      if (SI) {
 519   3                              break;
 520   3                      }
 521   2                      if (!t) {
 522   3                              u8TimeOut = 1;
 523   3                              break;
 524   3                      }
 525   2                      ++t;
 526   2              }
 527   1              
 528   1              if (u8TimeOut) {
 529   2                      /* start error */
 530   2                      send_stop();
 531   2                      return 0;
 532   2              }
 533   1              
 534   1              if (I2STAT != 0x08) {
 535   2                      /* start error */
 536   2                      send_stop();
 537   2                      return 0;
 538   2              }
 539   1              
 540   1              /* send address */
 541   1              STA = 0;
 542   1              STO = 0;
 543   1              I2DAT = (EEPROM_SLA | EEPROM_RD);
 544   1              SI = 0;
 545   1              t = 1;
 546   1              u8TimeOut = 0;
 547   1              while (1) {
 548   2                      if (SI) {
 549   3                              break;
 550   3                      }
C51 COMPILER V9.60.0.0   I2CEEPROM                                                         01/12/2024 10:26:19 PAGE 10  

 551   2                      if (!t) {
 552   3                              u8TimeOut = 1;
 553   3                              break;
 554   3                      }
 555   2                      ++t;
 556   2              }
 557   1              
 558   1              if (u8TimeOut) {
 559   2                      /* send address error */
 560   2                      send_stop();
 561   2                      return 0;
 562   2              }
 563   1              
 564   1              if (I2STAT != 0x40) {
 565   2                      /* send address error */
 566   2                      send_stop();
 567   2                      return 0;
 568   2              }
 569   1      
 570   1              // get Data
 571   1              // for (i = 0; i < length - 1; ++i) {
 572   1                      AA = 1;
 573   1                      SI = 0;
 574   1                      t = 1;
 575   1                      u8TimeOut = 0;
 576   1                      while (1) {
 577   2                              if (SI) {
 578   3                                      break;
 579   3                              }
 580   2                              if (!t) {
 581   3                                      u8TimeOut = 1;
 582   3                                      break;
 583   3                              }
 584   2                              ++t;
 585   2                      }
 586   1                      if (u8TimeOut) {
 587   2                              /* send data error */
 588   2                              send_stop();
 589   2                              return 0;
 590   2                      }
 591   1                      if (I2STAT != 0x50) {
 592   2                              /* send data error */
 593   2                              send_stop();
 594   2                              return 0;
 595   2                      }
 596   1                      *pData = I2DAT;
 597   1              // }
 598   1              
 599   1              /* last byte */
 600   1              AA = 0;
 601   1              SI = 0;
 602   1              t = 1;
 603   1              u8TimeOut = 0;
 604   1              while (1) {
 605   2                      if (SI) {
 606   3                              break;
 607   3                      }
 608   2                      if (!t) {
 609   3                              u8TimeOut = 1;
 610   3                              break;
 611   3                      }
 612   2                      ++t;
C51 COMPILER V9.60.0.0   I2CEEPROM                                                         01/12/2024 10:26:19 PAGE 11  

 613   2              }
 614   1              if (u8TimeOut) {
 615   2                      /* send data error */
 616   2                      send_stop();
 617   2                      return 0;
 618   2              }
 619   1              if (I2STAT != 0x58) {
 620   2                      /* send data error */
 621   2                      send_stop();
 622   2                      return 0;
 623   2              }
 624   1              *pData = (*pData << 8) | I2DAT;
 625   1              /* stop */
 626   1              return send_stop();
 627   1      }
 628          
 629          bit I2C_CheckAddress(uint8_t Address)
 630          {
 631   1              uint16_t xdata t;
 632   1              uint8_t xdata u8TimeOut;
 633   1              
 634   1              
 635   1              if (I2STAT != 0xF8) {
 636   2                      return 0;
 637   2              }
 638   1              
 639   1              /* start */
 640   1              STO = 0;
 641   1              STA = 1;
 642   1              SI = 0;
 643   1              t = 1;
 644   1              u8TimeOut = 0;
 645   1              
 646   1              while (1) {
 647   2                      if (SI) {
 648   3                              break;
 649   3                      }
 650   2                      if (!t) {
 651   3                              u8TimeOut = 1;
 652   3                              break;
 653   3                      }
 654   2                      ++t;
 655   2              }
 656   1              
 657   1              if (u8TimeOut) {
 658   2                      /* start error */
 659   2                      send_stop();
 660   2                      return 0;
 661   2              }
 662   1              
 663   1              if (I2STAT != 0x08) {
 664   2                      /* start error */
 665   2                      send_stop();
 666   2                      return 0;
 667   2              }
 668   1              
 669   1              /* send address */
 670   1              STA = 0;
 671   1              STO = 0;
 672   1              I2DAT = (Address | EEPROM_RD);
 673   1              SI = 0;
 674   1              t = 1;
C51 COMPILER V9.60.0.0   I2CEEPROM                                                         01/12/2024 10:26:19 PAGE 12  

 675   1              u8TimeOut = 0;
 676   1              while (1) {
 677   2                      if (SI) {
 678   3                              break;
 679   3                      }
 680   2                      if (!t) {
 681   3                              u8TimeOut = 1;
 682   3                              break;
 683   3                      }
 684   2                      ++t;
 685   2              }
 686   1              
 687   1              if (u8TimeOut) {
 688   2                      /* send address error */
 689   2                      send_stop();
 690   2                      return 0;
 691   2              }
 692   1              
 693   1              if (I2STAT != 0x40) {
 694   2                      /* send address error */
 695   2                      send_stop();
 696   2                      return 0;
 697   2              }
 698   1              
 699   1              /* last byte */
 700   1              AA = 0;
 701   1              SI = 0;
 702   1              t = 1;
 703   1              u8TimeOut = 0;
 704   1              while (1) {
 705   2                      if (SI) {
 706   3                              break;
 707   3                      }
 708   2                      if (!t) {
 709   3                              u8TimeOut = 1;
 710   3                              break;
 711   3                      }
 712   2                      ++t;
 713   2              }
 714   1              if (u8TimeOut) {
 715   2                      /* send data error */
 716   2                      send_stop();
 717   2                      return 0;
 718   2              }
 719   1              if (I2STAT != 0x58) {
 720   2                      /* send data error */
 721   2                      send_stop();
 722   2                      return 0;
 723   2              }
 724   1              t = I2DAT;
 725   1              /* stop */
 726   1              return send_stop();
 727   1      }
 728          
 729          bit send_stop(void)
 730          {
 731   1              uint16_t xdata t;
 732   1              uint8_t xdata u8TimeOut;
 733   1              
 734   1              STA = 0;
 735   1              STO = 1;
 736   1              SI = 0;
C51 COMPILER V9.60.0.0   I2CEEPROM                                                         01/12/2024 10:26:19 PAGE 13  

 737   1              t = 1;
 738   1              u8TimeOut = 0;
 739   1              while (1) {
 740   2                      if (I2STAT == 0xF8) {
 741   3                              break;
 742   3                      }
 743   2                      if (!t) {
 744   3                              u8TimeOut = 1;
 745   3                              break;
 746   3                      }
 747   2                      ++t;
 748   2              }
 749   1              return (!u8TimeOut);
 750   1      }


MODULE INFORMATION:   STATIC OVERLAYABLE
   CODE SIZE        =   1844    ----
   CONSTANT SIZE    =     27    ----
   XDATA SIZE       =   ----      24
   PDATA SIZE       =   ----    ----
   DATA SIZE        =   ----      11
   IDATA SIZE       =   ----    ----
   BIT SIZE         =   ----    ----
END OF MODULE INFORMATION.


C51 COMPILATION COMPLETE.  0 WARNING(S),  0 ERROR(S)
