C51 COMPILER V9.60.0.0   TM1637                                                            01/13/2024 14:43:14 PAGE 1   


C51 COMPILER V9.60.0.0, COMPILATION OF MODULE TM1637
OBJECT MODULE PLACED IN .\Output\TM1637.obj
COMPILER INVOKED BY: C:\Keil_v5\C51\BIN\C51.EXE ..\..\LIB\TM1637.c OPTIMIZE(8,SPEED) BROWSE INCDIR(..\..\Include;..\..\L
                    -IB) DEFINE(FOSC_160000) DEBUG OBJECTEXTEND PRINT(.\LST\TM1637.lst) OBJECT(.\Output\TM1637.obj)

line level    source

   1          #include "Function_define.h"
   2          #include "Common.h"
   3          #include "Delay.h"
   4          #include "GPIO.h"
   5          
   6          #include "TM1637.h"
   7          
   8          #define TM1637_I2C_COMM1    0x40
   9          #define TM1637_I2C_COMM2    0xC0
  10          #define TM1637_I2C_COMM3    0x80
  11          
  12          
  13          const uint8_t xdata digitToSegment[] = { 0x3F, 0x06, 0x5B, 0x4F, 0x66, 0x6D, 0x7D, 0x07, 0x7F, 0x6F, 0x77,
             - 0x7C, 0x39, 0x5E, 0x79, 0x71 }; // 0 -> F
  14          
  15          static const uint8_t minusSegments = 0x40;
  16          
  17          void TM1637_init(TM1637* display, uint8_t pinClk, uint8_t pinDIO) {
  18   1        display->pinClk = pinClk;
  19   1        display->pinDIO = pinDIO;
  20   1      
  21   1        pinMode(display->pinClk, INPUT_OD);
  22   1        pinMode(display->pinDIO, INPUT_OD);
  23   1      
  24   1        digitalWrite(display->pinClk, LOW);
  25   1        digitalWrite(display->pinDIO, LOW);
  26   1      }
  27          
  28          void TM1637_setBrightness(TM1637* display, uint8_t brightness) {
  29   1        display->brightness = (brightness & 0x7) | 0x08;
  30   1      }
  31          
  32          void TM1637_setSegments(TM1637* display, const uint8_t segments[]) {
  33   1        uint8_t xdata k;
  34   1              
  35   1        TM1637_start(display->pinDIO);
  36   1        TM1637_writeByte(display, TM1637_I2C_COMM1);
  37   1        TM1637_stop(display->pinDIO, display->pinClk);
  38   1      
  39   1        TM1637_start(display->pinDIO);
  40   1        TM1637_writeByte(display, TM1637_I2C_COMM2 + (0 & 0x03));
  41   1      
  42   1        for (k = 0; k < 4; k++) 
  43   1          TM1637_writeByte(display, segments[k]);
  44   1              
  45   1        TM1637_stop(display->pinDIO, display->pinClk);
  46   1      
  47   1        TM1637_start(display->pinDIO);
  48   1        TM1637_writeByte(display, TM1637_I2C_COMM3 + (display->brightness & 0x0f));
  49   1        TM1637_stop(display->pinDIO, display->pinClk);
  50   1      }
  51          
  52          
  53          void TM1637_clear(TM1637* display) {
C51 COMPILER V9.60.0.0   TM1637                                                            01/13/2024 14:43:14 PAGE 2   

  54   1        uint8_t xdata datas[4] = {0, 0, 0, 0};
  55   1        TM1637_setSegments(display, datas);
  56   1      }
  57          
  58          
  59          void TM1637_start(uint8_t pinDIO) {
  60   1        digitalWrite(pinDIO, LOW);
  61   1        Timer0_Delay100us(1);
  62   1      }
  63          
  64          void TM1637_stop(uint8_t pinDIO, uint8_t pinClk) {
  65   1        digitalWrite(pinDIO, LOW);
  66   1        Timer0_Delay100us(1);
  67   1        digitalWrite(pinClk, HIGH);
  68   1        Timer0_Delay100us(1);
  69   1        digitalWrite(pinDIO, HIGH);
  70   1        Timer0_Delay100us(1);
  71   1      }
  72          
  73          uint8_t TM1637_writeByte(TM1637* display, uint8_t b) {
  74   1        uint8_t xdata dataa = b;
  75   1        uint8_t xdata i, ack;
  76   1              
  77   1        for (i = 0; i < 8; i++) {
  78   2          digitalWrite(display->pinClk, LOW);
  79   2          Timer0_Delay100us(1);
  80   2          if (dataa & 0x01)
  81   2            digitalWrite(display->pinDIO, HIGH);
  82   2          else
  83   2            digitalWrite(display->pinDIO, LOW);
  84   2          Timer0_Delay100us(1);
  85   2          digitalWrite(display->pinClk, HIGH);
  86   2          Timer0_Delay100us(1);
  87   2          dataa = dataa >> 1;
  88   2        }
  89   1      
  90   1        digitalWrite(display->pinClk, LOW);
  91   1        digitalWrite(display->pinDIO, HIGH);
  92   1        Timer0_Delay100us(1);
  93   1      
  94   1        digitalWrite(display->pinClk, HIGH);
  95   1        Timer0_Delay100us(1);
  96   1      
  97   1        ack = (uint8_t)digitalRead(display->pinDIO);
  98   1        if (ack == 0)
  99   1          digitalWrite(display->pinDIO, LOW);
 100   1      
 101   1        Timer0_Delay100us(1);
 102   1        digitalWrite(display->pinClk, LOW);
 103   1        Timer0_Delay100us(1);
 104   1        
 105   1        return ack;
 106   1      }
 107          
 108          uint8_t TM1637_encodeDigit(uint8_t digit) {
 109   1        return digitToSegment[digit & 0x0f];
 110   1      }


MODULE INFORMATION:   STATIC OVERLAYABLE
   CODE SIZE        =    668    ----
   CONSTANT SIZE    =      4    ----
C51 COMPILER V9.60.0.0   TM1637                                                            01/13/2024 14:43:14 PAGE 3   

   XDATA SIZE       =     16       8
   PDATA SIZE       =   ----    ----
   DATA SIZE        =      1      19
   IDATA SIZE       =   ----    ----
   BIT SIZE         =   ----    ----
END OF MODULE INFORMATION.


C51 COMPILATION COMPLETE.  0 WARNING(S),  0 ERROR(S)
