C51 COMPILER V9.60.0.0   CAPTURE                                                           01/16/2024 14:54:18 PAGE 1   


C51 COMPILER V9.60.0.0, COMPILATION OF MODULE CAPTURE
OBJECT MODULE PLACED IN .\Output\Capture.obj
COMPILER INVOKED BY: C:\Keil_v5\C51\BIN\C51.EXE Code\Capture.c OPTIMIZE(8,SPEED) BROWSE INCDIR(..\..\Include) DEFINE(FOS
                    -C_160000) DEBUG OBJECTEXTEND PRINT(.\LST\Capture.lst) OBJECT(.\Output\Capture.obj)

line level    source

   1          /*--------------------------------------------------------------------------------------------------------
             --*/
   2          /*                                                                                                        
             - */
   3          /* Copyright(c) 2017 Nuvoton Technology Corp. All rights reserved.                                        
             - */
   4          /*                                                                                                        
             - */
   5          /*--------------------------------------------------------------------------------------------------------
             --*/
   6          
   7          //********************************************************************************************************
             -***
   8          //  Nuvoton Technoledge Corp. 
   9          //  Website: http://www.nuvoton.com
  10          //  E-Mail : MicroC-8bit@nuvoton.com
  11          //  Date   : Apr/21/2017
  12          //********************************************************************************************************
             -***
  13          
  14          //********************************************************************************************************
             -***
  15          //  File Function: N76E003 Timer2 Capture Mode demo code
  16          //********************************************************************************************************
             -***
  17          
  18          
  19          #include "N76E003.h"
  20          #include "Common.h"
  21          #include "Delay.h"
  22          #include "SFR_Macro.h"
  23          #include "Function_define.h"
  24          
  25          
  26          
  27          uint32_t millis = 0;
  28          uint32_t led_time;
  29          
  30          void Timer2_ISR (void) interrupt 5
  31          {
  32   1              clr_TF2;                                             //Clear Timer2 Interrupt Flag
  33   1              millis++;
  34   1      }
  35          
  36          
  37          
  38          void main (void)
  39          {
  40   1          Set_All_GPIO_Quasi_Mode;
  41   1              
  42   1              // --------------- ISR timer2 1kHz -----------------------
  43   1              TIMER2_DIV_4;
  44   1              TIMER2_Auto_Reload_Delay_Mode;
  45   1              RCMP2L = TIMER_DIV4_VALUE_1ms;
C51 COMPILER V9.60.0.0   CAPTURE                                                           01/16/2024 14:54:18 PAGE 2   

  46   1              RCMP2H = TIMER_DIV4_VALUE_1ms >> 8;
  47   1              TH2 = 0;
  48   1              TL2 = 0;
  49   1              set_TR2;
  50   1              set_ET2;
  51   1          set_EA;             // Enable global interrupts
  52   1              
  53   1              led_time = millis;
  54   1      
  55   1          while(1) {
  56   2                      if ((uint32_t)(millis - led_time) >= 500) {
  57   3                              led_time = millis;
  58   3                              P12 = ~P12;
  59   3                      }
  60   2              }
  61   1      }
  62          
  63          


MODULE INFORMATION:   STATIC OVERLAYABLE
   CODE SIZE        =    139    ----
   CONSTANT SIZE    =   ----    ----
   XDATA SIZE       =   ----    ----
   PDATA SIZE       =   ----    ----
   DATA SIZE        =      8    ----
   IDATA SIZE       =   ----    ----
   BIT SIZE         =   ----    ----
END OF MODULE INFORMATION.


C51 COMPILATION COMPLETE.  0 WARNING(S),  0 ERROR(S)
