C51 COMPILER V9.60.0.0   GPIO                                                              01/13/2024 15:02:53 PAGE 1   


C51 COMPILER V9.60.0.0, COMPILATION OF MODULE GPIO
OBJECT MODULE PLACED IN .\Output\GPIO.obj
COMPILER INVOKED BY: C:\Keil_v5\C51\BIN\C51.EXE ..\..\LIB\GPIO.c OPTIMIZE(8,SPEED) BROWSE INCDIR(..\..\Include;..\..\LIB
                    -) DEFINE(FOSC_160000) DEBUG OBJECTEXTEND PRINT(.\LST\GPIO.lst) OBJECT(.\Output\GPIO.obj)

line level    source

   1          
   2          #include "N76E003.h"
   3          #include "SFR_Macro.h"
   4          #include "Function_define.h"
   5          #include "Common.h"
   6          
   7          #include "GPIO.h"
   8          
   9          void pinMode(uint8_t pin, uint8_t mode) {
  10   1          bit registerPin = 0;
  11   1      
  12   1          if (pin == 8 || pin == 9 || mode > 0x3)
  13   1              return;
  14   1      
  15   1          if (pin == 30) {
  16   2              if (mode == QUASI) {
  17   3                  P3M1 &= ~(1 << 0);
  18   3                  P3M2 &= ~(1 << 0);
  19   3              } else if (mode == OUTPUT) {
  20   3                  P3M1 &= ~(1 << 0);
  21   3                  P3M2 |= (1 << 0);
  22   3              } else if (mode == INPUT) {
  23   3                  P3M1 |= (1 << 0);
  24   3                  P3M2 &= ~(1 << 0);
  25   3              } else if (mode == INPUT_OD) {
  26   3                  P3M1 |= (1 << 0);
  27   3                  P3M2 |= (1 << 0);
  28   3              }
  29   2          }
  30   1      
  31   1              if (pin >= 18)
  32   1              return;
  33   1          
  34   1          registerPin = (pin >= 10) ? 1 : 0;  // P1.x or P0.x
  35   1          pin %= 10;
  36   1          
  37   1              
  38   1          if (mode == QUASI) {
  39   2              if (registerPin == 1) {
  40   3                  P1M1 &= ~(1 << pin);
  41   3                  P1M2 &= ~(1 << pin);
  42   3              } else {
  43   3                  P0M1 &= ~(1 << pin);
  44   3                  P0M2 &= ~(1 << pin);
  45   3              }
  46   2          } else if (mode == OUTPUT) {
  47   2              if (registerPin == 1) {
  48   3                  P1M1 &= ~(1 << pin);
  49   3                  P1M2 |= (1 << pin);
  50   3              } else {
  51   3                  P0M1 &= ~(1 << pin);
  52   3                  P0M2 |= (1 << pin);
  53   3              }
  54   2          } else if (mode == INPUT) {
C51 COMPILER V9.60.0.0   GPIO                                                              01/13/2024 15:02:53 PAGE 2   

  55   2              if (registerPin == 1) {
  56   3                  P1M1 |= (1 << pin);
  57   3                  P1M2 &= ~(1 << pin);
  58   3              } else {
  59   3                  P0M1 |= (1 << pin);
  60   3                  P0M2 &= ~(1 << pin);
  61   3              }
  62   2          } else if (mode == INPUT_OD) {
  63   2              if (registerPin == 1) {
  64   3                  P1M1 |= (1 << pin);
  65   3                  P1M2 |= (1 << pin);
  66   3              } else {
  67   3                  P0M1 |= (1 << pin);
  68   3                  P0M2 |= (1 << pin);
  69   3              }
  70   2          }
  71   1      }
  72          
  73          
  74          bit digitalRead(uint8_t pin) {
  75   1          if (pin == 0) {
  76   2              return P00;
  77   2          } else if (pin == 1) {
  78   2              return P01;
  79   2          } else if (pin == 2) {
  80   2              return P02;
  81   2          } else if (pin == 3) {
  82   2              return P03;
  83   2          } else if (pin == 4) {
  84   2              return P04;
  85   2          } else if (pin == 5) {
  86   2              return P05;
  87   2          } else if (pin == 6) {
  88   2              return P06;
  89   2          } else if (pin == 7) {
  90   2              return P07;
  91   2          } else if (pin == 10) {
  92   2              return P10;
  93   2          } else if (pin == 11) {
  94   2              return P11;
  95   2          } else if (pin == 12) {
  96   2              return P12;
  97   2          } else if (pin == 13) {
  98   2              return P13;
  99   2          } else if (pin == 14) {
 100   2              return P14;
 101   2          } else if (pin == 15) {
 102   2              return P15;
 103   2          } else if (pin == 16) {
 104   2              return P16;
 105   2          } else if (pin == 17) {
 106   2              return P17;
 107   2          } else return 0;
 108   1      }
 109          
 110          void digitalWrite(uint8_t pin, bit stt) {
 111   1          if (pin == 0) {
 112   2              P00 = stt;
 113   2          } else if (pin == 1) {
 114   2              P01 = stt;
 115   2          } else if (pin == 2) {
 116   2              P02 = stt;
C51 COMPILER V9.60.0.0   GPIO                                                              01/13/2024 15:02:53 PAGE 3   

 117   2          } else if (pin == 3) {
 118   2              P03 = stt;
 119   2          } else if (pin == 4) {
 120   2              P04 = stt;
 121   2          } else if (pin == 5) {
 122   2              P05 = stt;
 123   2          } else if (pin == 6) {
 124   2              P06 = stt;
 125   2          } else if (pin == 7) {
 126   2              P07 = stt;
 127   2          } else if (pin == 10) {
 128   2              P10 = stt;
 129   2          } else if (pin == 11) {
 130   2              P11 = stt;
 131   2          } else if (pin == 12) {
 132   2              P12 = stt;
 133   2          } else if (pin == 13) {
 134   2              P13 = stt;
 135   2          } else if (pin == 14) {
 136   2              P14 = stt;
 137   2          } else if (pin == 15) {
 138   2              P15 = stt;
 139   2          } else if (pin == 16) {
 140   2              P16 = stt;
 141   2          } else if (pin == 17) {
 142   2              P17 = stt;
 143   2          }
 144   1      }
 145          
 146          uint16_t ADC_Read(uint8_t u8Channel)
 147          {
 148   1              uint16_t value = 0x0000;
 149   1              
 150   1              ADCCON1 |= (1 << 0);
 151   1      
 152   1              // clock
 153   1              ADCCON1 &= ~(0x30);
 154   1              ADCCON1 |= 0x00;
 155   1              
 156   1              // set channel
 157   1              ADCCON0 &= ~(0x0F);
 158   1              ADCCON0 |= (u8Channel & 0x07);
 159   1              AINDIDS = 0x00;
 160   1              AINDIDS |= (1 << u8Channel);
 161   1              
 162   1              // clear flag
 163   1              ADCF = 0;
 164   1              //start convert
 165   1              ADCS = 1;
 166   1              
 167   1              while(ADCF == 0);
 168   1              value = (ADCRH << 4) | ADCRL;
 169   1              
 170   1              // disable ADC
 171   1              ADCCON1 &= ~(1 << 0);
 172   1      
 173   1              
 174   1              return value;
 175   1      }
 176          
 177          
 178          uint16_t analogRead(uint8_t pin) {
C51 COMPILER V9.60.0.0   GPIO                                                              01/13/2024 15:02:53 PAGE 4   

 179   1          if (pin == 17) {
 180   2              return ADC_Read(0);
 181   2          } else if (pin == 30) {
 182   2              return ADC_Read(1);
 183   2          } else if (pin == 7) {
 184   2              return ADC_Read(2);
 185   2          } else if (pin == 6) {
 186   2              return ADC_Read(3);
 187   2          } else if (pin == 5) {
 188   2              return ADC_Read(4);
 189   2          } else if (pin == 4) {
 190   2              return ADC_Read(5);
 191   2          } else if (pin == 3) {
 192   2              return ADC_Read(6);
 193   2          } else if (pin == 11) {
 194   2              return ADC_Read(7);
 195   2          }
 196   1          return 0;
 197   1      }


MODULE INFORMATION:   STATIC OVERLAYABLE
   CODE SIZE        =    757    ----
   CONSTANT SIZE    =   ----    ----
   XDATA SIZE       =   ----    ----
   PDATA SIZE       =   ----    ----
   DATA SIZE        =   ----    ----
   IDATA SIZE       =   ----    ----
   BIT SIZE         =   ----       2
END OF MODULE INFORMATION.


C51 COMPILATION COMPLETE.  0 WARNING(S),  0 ERROR(S)
