C51 COMPILER V9.60.0.0   UART0                                                             01/18/2024 22:28:25 PAGE 1   


C51 COMPILER V9.60.0.0, COMPILATION OF MODULE UART0
OBJECT MODULE PLACED IN .\Output\UART0.obj
COMPILER INVOKED BY: C:\Keil_v5\C51\BIN\C51.EXE Source\UART0.c OPTIMIZE(8,SPEED) BROWSE INCDIR(..\..\Include) DEFINE(FOS
                    -C_160000) DEBUG OBJECTEXTEND PRINT(.\LST\UART0.lst) OBJECT(.\Output\UART0.obj)

line level    source

   1          /*--------------------------------------------------------------------------------------------------------
             --*/
   2          /*                                                                                                        
             - */
   3          /* Copyright(c) 2017 Nuvoton Technology Corp. All rights reserved.                                        
             - */
   4          /*                                                                                                        
             - */
   5          /*--------------------------------------------------------------------------------------------------------
             --*/
   6          
   7          //********************************************************************************************************
             -***
   8          //  Nuvoton Technoledge Corp. 
   9          //  Website: http://www.nuvoton.com
  10          //  E-Mail : MicroC-8bit@nuvoton.com
  11          //  Date   : Apr/21/2017
  12          //********************************************************************************************************
             -***
  13          
  14          //********************************************************************************************************
             -***
  15          //  File Function: N76E003 UART-0 Mode1 demo code
  16          //********************************************************************************************************
             -***
  17          #include "N76E003.h"
  18          #include "Common.h"
  19          #include "Delay.h"
  20          #include "SFR_Macro.h"
  21          #include "Function_define.h"
  22          
  23          
  24          bit serial_available() {
  25   1              return RI;
  26   1      }
  27          
  28          
  29          uint8_t serial_read() {
  30   1              RI = 0;
  31   1              return SBUF;
  32   1      }
  33          
  34          
  35          void main (void) 
  36          {
  37   1              uint8_t c;
  38   1              InitialUART0_Timer3(9600);                                                                              // 9600, 115200 - oke
  39   1              TI = 1;                                                                                                                 // Important, use prinft function must set TI=1;
  40   1              
  41   1              while(1)
  42   1              {
  43   2                      if (RI == 1) {
  44   3                              RI = 0;
  45   3                              c = SBUF;
C51 COMPILER V9.60.0.0   UART0                                                             01/18/2024 22:28:25 PAGE 2   

  46   3                              Send_Data_To_UART0(c);
  47   3                      }
  48   2              }
  49   1      }


MODULE INFORMATION:   STATIC OVERLAYABLE
   CODE SIZE        =     36    ----
   CONSTANT SIZE    =   ----    ----
   XDATA SIZE       =   ----    ----
   PDATA SIZE       =   ----    ----
   DATA SIZE        =   ----       1
   IDATA SIZE       =   ----    ----
   BIT SIZE         =   ----    ----
END OF MODULE INFORMATION.


C51 COMPILATION COMPLETE.  0 WARNING(S),  0 ERROR(S)
